[0.574s] Invoking command in '/home/robot/ros2_ws/src/my_package': PYTHONPATH=/home/robot/ros2_ws/build/my_package/prefix_override:/home/robot/ros2_ws/install/my_package/lib/python3.10/site-packages:${PYTHONPATH} /usr/bin/python3 setup.py egg_info --egg-base ../../build/my_package build --build-base /home/robot/ros2_ws/build/my_package/build install --record /home/robot/ros2_ws/build/my_package/install.log --single-version-externally-managed
[0.740s] running egg_info
[0.740s] creating ../../build/my_package/my_package.egg-info
[0.741s] writing ../../build/my_package/my_package.egg-info/PKG-INFO
[0.741s] writing dependency_links to ../../build/my_package/my_package.egg-info/dependency_links.txt
[0.741s] writing entry points to ../../build/my_package/my_package.egg-info/entry_points.txt
[0.741s] writing requirements to ../../build/my_package/my_package.egg-info/requires.txt
[0.741s] writing top-level names to ../../build/my_package/my_package.egg-info/top_level.txt
[0.741s] writing manifest file '../../build/my_package/my_package.egg-info/SOURCES.txt'
[0.745s] reading manifest file '../../build/my_package/my_package.egg-info/SOURCES.txt'
[0.746s] writing manifest file '../../build/my_package/my_package.egg-info/SOURCES.txt'
[0.746s] running build
[0.747s] running build_py
[0.747s] creating /home/robot/ros2_ws/build/my_package/build
[0.747s] creating /home/robot/ros2_ws/build/my_package/build/lib
[0.747s] creating /home/robot/ros2_ws/build/my_package/build/lib/my_package
[0.747s] copying my_package/test_in_class.py -> /home/robot/ros2_ws/build/my_package/build/lib/my_package
[0.747s] copying my_package/example_feedbacklin_controller.py -> /home/robot/ros2_ws/build/my_package/build/lib/my_package
[0.748s] copying my_package/example_cmd_vel.py -> /home/robot/ros2_ws/build/my_package/build/lib/my_package
[0.749s] copying my_package/__init__.py -> /home/robot/ros2_ws/build/my_package/build/lib/my_package
[0.749s] copying my_package/example_read_lidar.py -> /home/robot/ros2_ws/build/my_package/build/lib/my_package
[0.749s] copying my_package/my_publisher.py -> /home/robot/ros2_ws/build/my_package/build/lib/my_package
[0.750s] copying my_package/my_node.py -> /home/robot/ros2_ws/build/my_package/build/lib/my_package
[0.751s] copying my_package/example_cmd_vel_lidar.py -> /home/robot/ros2_ws/build/my_package/build/lib/my_package
[0.752s] copying my_package/my_subscriber.py -> /home/robot/ros2_ws/build/my_package/build/lib/my_package
[0.752s] running install
[0.753s] running install_lib
[0.754s] creating /home/robot/ros2_ws/install/my_package/lib/python3.10/site-packages/my_package
[0.754s] copying /home/robot/ros2_ws/build/my_package/build/lib/my_package/test_in_class.py -> /home/robot/ros2_ws/install/my_package/lib/python3.10/site-packages/my_package
[0.754s] copying /home/robot/ros2_ws/build/my_package/build/lib/my_package/example_feedbacklin_controller.py -> /home/robot/ros2_ws/install/my_package/lib/python3.10/site-packages/my_package
[0.755s] copying /home/robot/ros2_ws/build/my_package/build/lib/my_package/example_cmd_vel.py -> /home/robot/ros2_ws/install/my_package/lib/python3.10/site-packages/my_package
[0.755s] copying /home/robot/ros2_ws/build/my_package/build/lib/my_package/__init__.py -> /home/robot/ros2_ws/install/my_package/lib/python3.10/site-packages/my_package
[0.755s] copying /home/robot/ros2_ws/build/my_package/build/lib/my_package/example_read_lidar.py -> /home/robot/ros2_ws/install/my_package/lib/python3.10/site-packages/my_package
[0.755s] copying /home/robot/ros2_ws/build/my_package/build/lib/my_package/my_publisher.py -> /home/robot/ros2_ws/install/my_package/lib/python3.10/site-packages/my_package
[0.755s] copying /home/robot/ros2_ws/build/my_package/build/lib/my_package/my_node.py -> /home/robot/ros2_ws/install/my_package/lib/python3.10/site-packages/my_package
[0.755s] copying /home/robot/ros2_ws/build/my_package/build/lib/my_package/example_cmd_vel_lidar.py -> /home/robot/ros2_ws/install/my_package/lib/python3.10/site-packages/my_package
[0.755s] copying /home/robot/ros2_ws/build/my_package/build/lib/my_package/my_subscriber.py -> /home/robot/ros2_ws/install/my_package/lib/python3.10/site-packages/my_package
[0.755s] byte-compiling /home/robot/ros2_ws/install/my_package/lib/python3.10/site-packages/my_package/test_in_class.py to test_in_class.cpython-310.pyc
[0.755s] byte-compiling /home/robot/ros2_ws/install/my_package/lib/python3.10/site-packages/my_package/example_feedbacklin_controller.py to example_feedbacklin_controller.cpython-310.pyc
[0.756s] byte-compiling /home/robot/ros2_ws/install/my_package/lib/python3.10/site-packages/my_package/example_cmd_vel.py to example_cmd_vel.cpython-310.pyc
[0.756s] byte-compiling /home/robot/ros2_ws/install/my_package/lib/python3.10/site-packages/my_package/__init__.py to __init__.cpython-310.pyc
[0.756s] byte-compiling /home/robot/ros2_ws/install/my_package/lib/python3.10/site-packages/my_package/example_read_lidar.py to example_read_lidar.cpython-310.pyc
[0.757s] byte-compiling /home/robot/ros2_ws/install/my_package/lib/python3.10/site-packages/my_package/my_publisher.py to my_publisher.cpython-310.pyc
[0.757s] byte-compiling /home/robot/ros2_ws/install/my_package/lib/python3.10/site-packages/my_package/my_node.py to my_node.cpython-310.pyc
[0.757s] byte-compiling /home/robot/ros2_ws/install/my_package/lib/python3.10/site-packages/my_package/example_cmd_vel_lidar.py to example_cmd_vel_lidar.cpython-310.pyc
[0.758s] byte-compiling /home/robot/ros2_ws/install/my_package/lib/python3.10/site-packages/my_package/my_subscriber.py to my_subscriber.cpython-310.pyc
[0.758s] running install_data
[0.759s] creating /home/robot/ros2_ws/install/my_package/share/ament_index
[0.759s] creating /home/robot/ros2_ws/install/my_package/share/ament_index/resource_index
[0.759s] creating /home/robot/ros2_ws/install/my_package/share/ament_index/resource_index/packages
[0.759s] copying resource/my_package -> /home/robot/ros2_ws/install/my_package/share/ament_index/resource_index/packages
[0.759s] copying package.xml -> /home/robot/ros2_ws/install/my_package/share/my_package
[0.759s] running install_egg_info
[0.760s] Copying ../../build/my_package/my_package.egg-info to /home/robot/ros2_ws/install/my_package/lib/python3.10/site-packages/my_package-0.0.0-py3.10.egg-info
[0.761s] running install_scripts
[0.775s] Installing example_cmd_vel script to /home/robot/ros2_ws/install/my_package/lib/my_package
[0.775s] Installing example_cmd_vel_lidar script to /home/robot/ros2_ws/install/my_package/lib/my_package
[0.775s] Installing example_feedbacklin_controller script to /home/robot/ros2_ws/install/my_package/lib/my_package
[0.775s] Installing example_read_lidar script to /home/robot/ros2_ws/install/my_package/lib/my_package
[0.775s] Installing listener script to /home/robot/ros2_ws/install/my_package/lib/my_package
[0.776s] Installing my_node script to /home/robot/ros2_ws/install/my_package/lib/my_package
[0.776s] Installing talker script to /home/robot/ros2_ws/install/my_package/lib/my_package
[0.776s] Installing test_in_class script to /home/robot/ros2_ws/install/my_package/lib/my_package
[0.776s] writing list of installed files to '/home/robot/ros2_ws/build/my_package/install.log'
[0.794s] Invoked command in '/home/robot/ros2_ws/src/my_package' returned '0': PYTHONPATH=/home/robot/ros2_ws/build/my_package/prefix_override:/home/robot/ros2_ws/install/my_package/lib/python3.10/site-packages:${PYTHONPATH} /usr/bin/python3 setup.py egg_info --egg-base ../../build/my_package build --build-base /home/robot/ros2_ws/build/my_package/build install --record /home/robot/ros2_ws/build/my_package/install.log --single-version-externally-managed
