running egg_info
creating ../../build/my_package/my_package.egg-info
writing ../../build/my_package/my_package.egg-info/PKG-INFO
writing dependency_links to ../../build/my_package/my_package.egg-info/dependency_links.txt
writing entry points to ../../build/my_package/my_package.egg-info/entry_points.txt
writing requirements to ../../build/my_package/my_package.egg-info/requires.txt
writing top-level names to ../../build/my_package/my_package.egg-info/top_level.txt
writing manifest file '../../build/my_package/my_package.egg-info/SOURCES.txt'
reading manifest file '../../build/my_package/my_package.egg-info/SOURCES.txt'
writing manifest file '../../build/my_package/my_package.egg-info/SOURCES.txt'
running build
running build_py
creating /home/robot/ros2_ws/build/my_package/build
creating /home/robot/ros2_ws/build/my_package/build/lib
creating /home/robot/ros2_ws/build/my_package/build/lib/my_package
copying my_package/test_in_class.py -> /home/robot/ros2_ws/build/my_package/build/lib/my_package
copying my_package/example_feedbacklin_controller.py -> /home/robot/ros2_ws/build/my_package/build/lib/my_package
copying my_package/example_cmd_vel.py -> /home/robot/ros2_ws/build/my_package/build/lib/my_package
copying my_package/__init__.py -> /home/robot/ros2_ws/build/my_package/build/lib/my_package
copying my_package/example_read_lidar.py -> /home/robot/ros2_ws/build/my_package/build/lib/my_package
copying my_package/my_publisher.py -> /home/robot/ros2_ws/build/my_package/build/lib/my_package
copying my_package/my_node.py -> /home/robot/ros2_ws/build/my_package/build/lib/my_package
copying my_package/example_cmd_vel_lidar.py -> /home/robot/ros2_ws/build/my_package/build/lib/my_package
copying my_package/my_subscriber.py -> /home/robot/ros2_ws/build/my_package/build/lib/my_package
running install
running install_lib
creating /home/robot/ros2_ws/install/my_package/lib/python3.10/site-packages/my_package
copying /home/robot/ros2_ws/build/my_package/build/lib/my_package/test_in_class.py -> /home/robot/ros2_ws/install/my_package/lib/python3.10/site-packages/my_package
copying /home/robot/ros2_ws/build/my_package/build/lib/my_package/example_feedbacklin_controller.py -> /home/robot/ros2_ws/install/my_package/lib/python3.10/site-packages/my_package
copying /home/robot/ros2_ws/build/my_package/build/lib/my_package/example_cmd_vel.py -> /home/robot/ros2_ws/install/my_package/lib/python3.10/site-packages/my_package
copying /home/robot/ros2_ws/build/my_package/build/lib/my_package/__init__.py -> /home/robot/ros2_ws/install/my_package/lib/python3.10/site-packages/my_package
copying /home/robot/ros2_ws/build/my_package/build/lib/my_package/example_read_lidar.py -> /home/robot/ros2_ws/install/my_package/lib/python3.10/site-packages/my_package
copying /home/robot/ros2_ws/build/my_package/build/lib/my_package/my_publisher.py -> /home/robot/ros2_ws/install/my_package/lib/python3.10/site-packages/my_package
copying /home/robot/ros2_ws/build/my_package/build/lib/my_package/my_node.py -> /home/robot/ros2_ws/install/my_package/lib/python3.10/site-packages/my_package
copying /home/robot/ros2_ws/build/my_package/build/lib/my_package/example_cmd_vel_lidar.py -> /home/robot/ros2_ws/install/my_package/lib/python3.10/site-packages/my_package
copying /home/robot/ros2_ws/build/my_package/build/lib/my_package/my_subscriber.py -> /home/robot/ros2_ws/install/my_package/lib/python3.10/site-packages/my_package
byte-compiling /home/robot/ros2_ws/install/my_package/lib/python3.10/site-packages/my_package/test_in_class.py to test_in_class.cpython-310.pyc
byte-compiling /home/robot/ros2_ws/install/my_package/lib/python3.10/site-packages/my_package/example_feedbacklin_controller.py to example_feedbacklin_controller.cpython-310.pyc
byte-compiling /home/robot/ros2_ws/install/my_package/lib/python3.10/site-packages/my_package/example_cmd_vel.py to example_cmd_vel.cpython-310.pyc
byte-compiling /home/robot/ros2_ws/install/my_package/lib/python3.10/site-packages/my_package/__init__.py to __init__.cpython-310.pyc
byte-compiling /home/robot/ros2_ws/install/my_package/lib/python3.10/site-packages/my_package/example_read_lidar.py to example_read_lidar.cpython-310.pyc
byte-compiling /home/robot/ros2_ws/install/my_package/lib/python3.10/site-packages/my_package/my_publisher.py to my_publisher.cpython-310.pyc
byte-compiling /home/robot/ros2_ws/install/my_package/lib/python3.10/site-packages/my_package/my_node.py to my_node.cpython-310.pyc
byte-compiling /home/robot/ros2_ws/install/my_package/lib/python3.10/site-packages/my_package/example_cmd_vel_lidar.py to example_cmd_vel_lidar.cpython-310.pyc
byte-compiling /home/robot/ros2_ws/install/my_package/lib/python3.10/site-packages/my_package/my_subscriber.py to my_subscriber.cpython-310.pyc
running install_data
creating /home/robot/ros2_ws/install/my_package/share/ament_index
creating /home/robot/ros2_ws/install/my_package/share/ament_index/resource_index
creating /home/robot/ros2_ws/install/my_package/share/ament_index/resource_index/packages
copying resource/my_package -> /home/robot/ros2_ws/install/my_package/share/ament_index/resource_index/packages
copying package.xml -> /home/robot/ros2_ws/install/my_package/share/my_package
running install_egg_info
Copying ../../build/my_package/my_package.egg-info to /home/robot/ros2_ws/install/my_package/lib/python3.10/site-packages/my_package-0.0.0-py3.10.egg-info
running install_scripts
Installing example_cmd_vel script to /home/robot/ros2_ws/install/my_package/lib/my_package
Installing example_cmd_vel_lidar script to /home/robot/ros2_ws/install/my_package/lib/my_package
Installing example_feedbacklin_controller script to /home/robot/ros2_ws/install/my_package/lib/my_package
Installing example_read_lidar script to /home/robot/ros2_ws/install/my_package/lib/my_package
Installing listener script to /home/robot/ros2_ws/install/my_package/lib/my_package
Installing my_node script to /home/robot/ros2_ws/install/my_package/lib/my_package
Installing talker script to /home/robot/ros2_ws/install/my_package/lib/my_package
Installing test_in_class script to /home/robot/ros2_ws/install/my_package/lib/my_package
writing list of installed files to '/home/robot/ros2_ws/build/my_package/install.log'
