/home/robot/ros2_ws/install/my_package/lib/python3.10/site-packages/my_package/test_in_class.py
/home/robot/ros2_ws/install/my_package/lib/python3.10/site-packages/my_package/example_feedbacklin_controller.py
/home/robot/ros2_ws/install/my_package/lib/python3.10/site-packages/my_package/example_cmd_vel.py
/home/robot/ros2_ws/install/my_package/lib/python3.10/site-packages/my_package/__init__.py
/home/robot/ros2_ws/install/my_package/lib/python3.10/site-packages/my_package/example_read_lidar.py
/home/robot/ros2_ws/install/my_package/lib/python3.10/site-packages/my_package/my_publisher.py
/home/robot/ros2_ws/install/my_package/lib/python3.10/site-packages/my_package/my_node.py
/home/robot/ros2_ws/install/my_package/lib/python3.10/site-packages/my_package/example_cmd_vel_lidar.py
/home/robot/ros2_ws/install/my_package/lib/python3.10/site-packages/my_package/my_subscriber.py
/home/robot/ros2_ws/install/my_package/lib/python3.10/site-packages/my_package/__pycache__/test_in_class.cpython-310.pyc
/home/robot/ros2_ws/install/my_package/lib/python3.10/site-packages/my_package/__pycache__/example_feedbacklin_controller.cpython-310.pyc
/home/robot/ros2_ws/install/my_package/lib/python3.10/site-packages/my_package/__pycache__/example_cmd_vel.cpython-310.pyc
/home/robot/ros2_ws/install/my_package/lib/python3.10/site-packages/my_package/__pycache__/__init__.cpython-310.pyc
/home/robot/ros2_ws/install/my_package/lib/python3.10/site-packages/my_package/__pycache__/example_read_lidar.cpython-310.pyc
/home/robot/ros2_ws/install/my_package/lib/python3.10/site-packages/my_package/__pycache__/my_publisher.cpython-310.pyc
/home/robot/ros2_ws/install/my_package/lib/python3.10/site-packages/my_package/__pycache__/my_node.cpython-310.pyc
/home/robot/ros2_ws/install/my_package/lib/python3.10/site-packages/my_package/__pycache__/example_cmd_vel_lidar.cpython-310.pyc
/home/robot/ros2_ws/install/my_package/lib/python3.10/site-packages/my_package/__pycache__/my_subscriber.cpython-310.pyc
/home/robot/ros2_ws/install/my_package/share/ament_index/resource_index/packages/my_package
/home/robot/ros2_ws/install/my_package/share/my_package/package.xml
/home/robot/ros2_ws/install/my_package/lib/python3.10/site-packages/my_package-0.0.0-py3.10.egg-info/requires.txt
/home/robot/ros2_ws/install/my_package/lib/python3.10/site-packages/my_package-0.0.0-py3.10.egg-info/top_level.txt
/home/robot/ros2_ws/install/my_package/lib/python3.10/site-packages/my_package-0.0.0-py3.10.egg-info/dependency_links.txt
/home/robot/ros2_ws/install/my_package/lib/python3.10/site-packages/my_package-0.0.0-py3.10.egg-info/entry_points.txt
/home/robot/ros2_ws/install/my_package/lib/python3.10/site-packages/my_package-0.0.0-py3.10.egg-info/SOURCES.txt
/home/robot/ros2_ws/install/my_package/lib/python3.10/site-packages/my_package-0.0.0-py3.10.egg-info/zip-safe
/home/robot/ros2_ws/install/my_package/lib/python3.10/site-packages/my_package-0.0.0-py3.10.egg-info/PKG-INFO
/home/robot/ros2_ws/install/my_package/lib/my_package/example_cmd_vel
/home/robot/ros2_ws/install/my_package/lib/my_package/example_cmd_vel_lidar
/home/robot/ros2_ws/install/my_package/lib/my_package/example_feedbacklin_controller
/home/robot/ros2_ws/install/my_package/lib/my_package/example_read_lidar
/home/robot/ros2_ws/install/my_package/lib/my_package/listener
/home/robot/ros2_ws/install/my_package/lib/my_package/my_node
/home/robot/ros2_ws/install/my_package/lib/my_package/talker
/home/robot/ros2_ws/install/my_package/lib/my_package/test_in_class
